::1 - - [01/Dec/2019:04:00:27 +0000] "GET / HTTP/1.1" 304 - "-" "Mozilla/5.0 (X11; Linux x86_64) AppleWebKit/537.36 (KHTML, like Gecko) Chrome/78.0.3904.108 Safari/537.36"
::1 - - [01/Dec/2019:04:00:43 +0000] "GET / HTTP/1.1" 304 - "-" "Mozilla/5.0 (X11; Linux x86_64) AppleWebKit/537.36 (KHTML, like Gecko) Chrome/78.0.3904.108 Safari/537.36"
::1 - - [01/Dec/2019:04:09:23 +0000] "GET / HTTP/1.1" 404 139 "-" "Mozilla/5.0 (X11; Linux x86_64) AppleWebKit/537.36 (KHTML, like Gecko) Chrome/78.0.3904.108 Safari/537.36"
::1 - - [01/Dec/2019:04:09:27 +0000] "GET /api/users HTTP/1.1" 200 68 "-" "Mozilla/5.0 (X11; Linux x86_64) AppleWebKit/537.36 (KHTML, like Gecko) Chrome/78.0.3904.108 Safari/537.36"
::1 - - [01/Dec/2019:04:11:30 +0000] "GET /api/register HTTP/1.1" 404 151 "-" "Mozilla/5.0 (X11; Linux x86_64) AppleWebKit/537.36 (KHTML, like Gecko) Chrome/78.0.3904.108 Safari/537.36"
::1 - - [01/Dec/2019:04:11:54 +0000] "GET /api/register HTTP/1.1" 404 151 "-" "PostmanRuntime/7.19.0"
::1 - - [01/Dec/2019:04:11:59 +0000] "POST /api/register HTTP/1.1" 200 72 "-" "PostmanRuntime/7.19.0"
::1 - - [01/Dec/2019:04:17:57 +0000] "GET /api/users HTTP/1.1" 200 68 "-" "PostmanRuntime/7.19.0"
::1 - - [01/Dec/2019:04:18:03 +0000] "POST /api/register HTTP/1.1" 200 72 "-" "PostmanRuntime/7.19.0"
::1 - - [01/Dec/2019:04:18:07 +0000] "POST /api/login HTTP/1.1" 200 69 "-" "PostmanRuntime/7.19.0"
::1 - - [01/Dec/2019:04:24:00 +0000] "POST /api/messages HTTP/1.1" 200 72 "-" "PostmanRuntime/7.19.0"
::1 - - [01/Dec/2019:04:24:04 +0000] "GET /api/messages HTTP/1.1" 200 71 "-" "PostmanRuntime/7.19.0"
::1 - - [01/Dec/2019:04:31:29 +0000] "GET /api/messages HTTP/1.1" 200 71 "-" "PostmanRuntime/7.19.0"
::1 - - [01/Dec/2019:04:32:01 +0000] "GET /api/messages HTTP/1.1" 200 71 "-" "Mozilla/5.0 (X11; Linux x86_64) AppleWebKit/537.36 (KHTML, like Gecko) Chrome/78.0.3904.108 Safari/537.36"
::1 - - [01/Dec/2019:04:34:18 +0000] "GET /api/messages HTTP/1.1" 304 - "-" "Mozilla/5.0 (X11; Linux x86_64) AppleWebKit/537.36 (KHTML, like Gecko) Chrome/78.0.3904.108 Safari/537.36"
::1 - - [01/Dec/2019:04:34:31 +0000] "GET /api/messages HTTP/1.1" 304 - "-" "Mozilla/5.0 (X11; Linux x86_64) AppleWebKit/537.36 (KHTML, like Gecko) Chrome/78.0.3904.108 Safari/537.36"
::1 - - [01/Dec/2019:04:35:10 +0000] "GET /api/users HTTP/1.1" 304 - "-" "Mozilla/5.0 (X11; Linux x86_64) AppleWebKit/537.36 (KHTML, like Gecko) Chrome/78.0.3904.108 Safari/537.36"
::1 - - [01/Dec/2019:04:35:19 +0000] "GET /api/messages HTTP/1.1" 304 - "-" "Mozilla/5.0 (X11; Linux x86_64) AppleWebKit/537.36 (KHTML, like Gecko) Chrome/78.0.3904.108 Safari/537.36"
::1 - - [01/Dec/2019:04:35:21 +0000] "GET /api/messages HTTP/1.1" 304 - "-" "Mozilla/5.0 (X11; Linux x86_64) AppleWebKit/537.36 (KHTML, like Gecko) Chrome/78.0.3904.108 Safari/537.36"
::1 - - [01/Dec/2019:04:36:30 +0000] "GET /api/messages HTTP/1.1" 200 71 "-" "Mozilla/5.0 (X11; Linux x86_64) AppleWebKit/537.36 (KHTML, like Gecko) Chrome/78.0.3904.108 Safari/537.36"
::1 - - [01/Dec/2019:04:36:37 +0000] "GET /api/users HTTP/1.1" 200 68 "-" "Mozilla/5.0 (X11; Linux x86_64) AppleWebKit/537.36 (KHTML, like Gecko) Chrome/78.0.3904.108 Safari/537.36"
::1 - - [01/Dec/2019:04:45:00 +0000] "GET /api/users HTTP/1.1" 200 89 "-" "PostmanRuntime/7.19.0"
::1 - - [01/Dec/2019:05:57:20 +0000] "POST /api/register HTTP/1.1" 200 72 "-" "PostmanRuntime/7.19.0"
::1 - - [01/Dec/2019:05:58:29 +0000] "POST /api/register HTTP/1.1" 200 72 "-" "PostmanRuntime/7.19.0"
::1 - - [01/Dec/2019:06:14:02 +0000] "POST /api/register HTTP/1.1" 500 1281 "-" "PostmanRuntime/7.19.0"
::1 - - [01/Dec/2019:06:25:57 +0000] "POST /api/register HTTP/1.1" 500 1283 "-" "PostmanRuntime/7.19.0"
::1 - - [01/Dec/2019:06:34:55 +0000] "POST /api/register HTTP/1.1" 201 303 "-" "PostmanRuntime/7.19.0"
::1 - - [01/Dec/2019:06:39:02 +0000] "POST /api/register HTTP/1.1" 500 2574 "-" "PostmanRuntime/7.19.0"
::1 - - [01/Dec/2019:06:39:23 +0000] "POST /api/register HTTP/1.1" 500 1108 "-" "PostmanRuntime/7.19.0"
::1 - - [01/Dec/2019:06:40:55 +0000] "POST /api/register HTTP/1.1" 500 2572 "-" "PostmanRuntime/7.19.0"
::1 - - [01/Dec/2019:06:41:11 +0000] "POST /api/register HTTP/1.1" 500 1108 "-" "PostmanRuntime/7.19.0"
::1 - - [01/Dec/2019:06:43:59 +0000] "POST /api/register HTTP/1.1" 500 2572 "-" "PostmanRuntime/7.19.0"
::1 - - [01/Dec/2019:06:44:54 +0000] "POST /api/register HTTP/1.1" 500 2575 "-" "PostmanRuntime/7.19.0"
::1 - - [01/Dec/2019:06:46:43 +0000] "POST /api/register HTTP/1.1" 201 355 "-" "PostmanRuntime/7.19.0"
::1 - - [01/Dec/2019:07:15:00 +0000] "POST /api/register HTTP/1.1" 500 12 "-" "PostmanRuntime/7.19.0"
::1 - - [01/Dec/2019:07:17:10 +0000] "POST /api/register HTTP/1.1" 422 73 "-" "PostmanRuntime/7.19.0"
::1 - - [01/Dec/2019:07:17:28 +0000] "POST /api/register HTTP/1.1" 201 355 "-" "PostmanRuntime/7.19.0"
::1 - - [01/Dec/2019:07:23:33 +0000] "POST /api/register HTTP/1.1" 409 32 "-" "PostmanRuntime/7.19.0"
::1 - - [01/Dec/2019:07:31:17 +0000] "POST /api/login HTTP/1.1" 200 69 "-" "PostmanRuntime/7.19.0"
::1 - - [01/Dec/2019:07:31:58 +0000] "POST /api/login HTTP/1.1" 200 161 "-" "PostmanRuntime/7.19.0"
::1 - - [01/Dec/2019:07:32:01 +0000] "POST /api/login HTTP/1.1" 200 161 "-" "PostmanRuntime/7.19.0"
::1 - - [01/Dec/2019:07:44:21 +0000] "GET /api/users HTTP/1.1" - - "-" "PostmanRuntime/7.19.0"
::1 - - [01/Dec/2019:07:45:19 +0000] "GET /api/users HTTP/1.1" 500 12 "-" "PostmanRuntime/7.19.0"
::1 - - [01/Dec/2019:07:45:42 +0000] "GET /api/users HTTP/1.1" 500 2578 "-" "PostmanRuntime/7.19.0"
::1 - - [01/Dec/2019:07:46:12 +0000] "GET /api/users HTTP/1.1" - - "-" "PostmanRuntime/7.19.0"
::1 - - [01/Dec/2019:07:46:29 +0000] "GET /api/users HTTP/1.1" 403 31 "-" "PostmanRuntime/7.19.0"
::1 - - [01/Dec/2019:07:49:17 +0000] "GET /api/users HTTP/1.1" 403 31 "-" "PostmanRuntime/7.19.0"
::1 - - [01/Dec/2019:07:52:40 +0000] "GET /api/users HTTP/1.1" - - "-" "PostmanRuntime/7.19.0"
::1 - - [01/Dec/2019:07:54:08 +0000] "GET /api/users HTTP/1.1" 403 31 "-" "PostmanRuntime/7.19.0"
::1 - - [01/Dec/2019:07:56:05 +0000] "GET /api/users HTTP/1.1" 403 31 "-" "PostmanRuntime/7.19.0"
::1 - - [01/Dec/2019:07:56:18 +0000] "POST /api/login HTTP/1.1" 200 161 "-" "PostmanRuntime/7.19.0"
::1 - - [01/Dec/2019:07:57:05 +0000] "GET /api/users HTTP/1.1" 200 142 "-" "PostmanRuntime/7.19.0"
::1 - - [01/Dec/2019:07:58:23 +0000] "GET /api/users HTTP/1.1" 200 655 "-" "PostmanRuntime/7.19.0"
::1 - - [01/Dec/2019:07:59:04 +0000] "POST /api/login HTTP/1.1" 401 25 "-" "PostmanRuntime/7.19.0"
::1 - - [01/Dec/2019:07:59:23 +0000] "POST /api/login HTTP/1.1" 401 25 "-" "PostmanRuntime/7.19.0"
::1 - - [01/Dec/2019:07:59:56 +0000] "POST /api/register HTTP/1.1" 201 359 "-" "PostmanRuntime/7.19.0"
::1 - - [01/Dec/2019:08:00:07 +0000] "POST /api/login HTTP/1.1" 200 161 "-" "PostmanRuntime/7.19.0"
::1 - - [01/Dec/2019:08:00:16 +0000] "GET /api/users HTTP/1.1" 200 383 "-" "PostmanRuntime/7.19.0"
::1 - - [01/Dec/2019:08:00:34 +0000] "GET /api/users HTTP/1.1" 200 651 "-" "PostmanRuntime/7.19.0"
::1 - - [01/Dec/2019:08:00:43 +0000] "GET /api/users HTTP/1.1" 200 379 "-" "PostmanRuntime/7.19.0"
